<?xml version="1.0" encoding="UTF-8"?>
<testng-results skipped="0" failed="0" total="1" passed="1">
  <reporter-output>
  </reporter-output>
  <suite name="Wikipedia Encyclopedia" duration-ms="51190" started-at="2016-09-07T08:27:33Z" finished-at="2016-09-07T08:28:24Z">
    <groups>
    </groups>
    <test name="Wikipedia functions" duration-ms="51190" started-at="2016-09-07T08:27:33Z" finished-at="2016-09-07T08:28:24Z">
      <class name="FrontPage.WikiSearchItems">
        <test-method status="PASS" signature="setUp(boolean, java.lang.String, java.lang.String, java.lang.String, java.lang.String, java.lang.String, java.lang.String)[pri:0, instance:FrontPage.WikiSearchItems@26f67b76]" name="setUp" is-config="true" duration-ms="8194" started-at="2016-09-07T04:27:33Z" finished-at="2016-09-07T04:27:41Z">
          <params>
            <param index="0">
              <value>
                <![CDATA[false]]>
              </value>
            </param>
            <param index="1">
              <value>
                <![CDATA[sohanmahmud590]]>
              </value>
            </param>
            <param index="2">
              <value>
                <![CDATA[5bbf5b97-9938-4ec2-b3d5-40e341f438c0]]>
              </value>
            </param>
            <param index="3">
              <value>
                <![CDATA[Win8]]>
              </value>
            </param>
            <param index="4">
              <value>
                <![CDATA[chrome]]>
              </value>
            </param>
            <param index="5">
              <value>
                <![CDATA[48]]>
              </value>
            </param>
            <param index="6">
              <value>
                <![CDATA[https://www.wikipedia.org//]]>
              </value>
            </param>
          </params>
          <reporter-output>
          </reporter-output>
        </test-method> <!-- setUp -->
        <test-method status="PASS" signature="searchUsingExcelFile()[pri:0, instance:FrontPage.WikiSearchItems@26f67b76]" name="searchUsingExcelFile" duration-ms="42892" started-at="2016-09-07T04:27:41Z" finished-at="2016-09-07T04:28:24Z">
          <reporter-output>
          </reporter-output>
        </test-method> <!-- searchUsingExcelFile -->
        <test-method status="PASS" signature="cleanUp()[pri:0, instance:FrontPage.WikiSearchItems@26f67b76]" name="cleanUp" is-config="true" duration-ms="87" started-at="2016-09-07T04:28:24Z" finished-at="2016-09-07T04:28:24Z">
          <reporter-output>
          </reporter-output>
        </test-method> <!-- cleanUp -->
      </class> <!-- FrontPage.WikiSearchItems -->
    </test> <!-- Wikipedia functions -->
  </suite> <!-- Wikipedia Encyclopedia -->
</testng-results>
